2022-10-28 09:51:39,882 INFO using config /Users/stiles/Library/Application Support/twarc/config
2022-10-28 09:51:39,882 INFO creating HTTP session headers for app auth.
2022-10-28 09:51:39,883 INFO getting ('https://api.twitter.com/2/users/by',) {'params': {'tweet.fields': 'attachments,author_id,context_annotations,conversation_id,created_at,entities,geo,id,in_reply_to_user_id,lang,public_metrics,text,possibly_sensitive,referenced_tweets,reply_settings,source,withheld', 'user.fields': 'created_at,description,entities,id,location,name,pinned_tweet_id,profile_image_url,protected,public_metrics,url,username,verified,withheld', 'usernames': 'elonmusk'}}
2022-10-28 09:51:40,191 WARNING Unable to expand dictionary without includes: {'data': [{'name': 'Elon Musk', 'created_at': '2009-06-02T20:12:29.000Z', 'id': '44196397', 'description': 'Chief Twit', 'location': 'Twitter HQ', 'verified': True, 'username': 'elonmusk', 'public_metrics': {'followers_count': 110920792, 'following_count': 122, 'tweet_count': 19878, 'listed_count': 99511}, 'protected': False, 'profile_image_url': 'https://pbs.twimg.com/profile_images/1580062742693699584/RJ5EI7PS_normal.jpg'}], '__twarc': {'url': 'https://api.twitter.com/2/users/by?tweet.fields=attachments%2Cauthor_id%2Ccontext_annotations%2Cconversation_id%2Ccreated_at%2Centities%2Cgeo%2Cid%2Cin_reply_to_user_id%2Clang%2Cpublic_metrics%2Ctext%2Cpossibly_sensitive%2Creferenced_tweets%2Creply_settings%2Csource%2Cwithheld&user.fields=created_at%2Cdescription%2Centities%2Cid%2Clocation%2Cname%2Cpinned_tweet_id%2Cprofile_image_url%2Cprotected%2Cpublic_metrics%2Curl%2Cusername%2Cverified%2Cwithheld&usernames=elonmusk', 'version': '2.9.5', 'retrieved_at': '2022-10-28T16:51:40+00:00'}}
2022-10-28 09:51:40,232 INFO getting ('https://api.twitter.com/2/tweets/search/all',) {'params': {'expansions': 'author_id,in_reply_to_user_id,referenced_tweets.id,referenced_tweets.id.author_id,entities.mentions.username,attachments.poll_ids,attachments.media_keys,geo.place_id', 'tweet.fields': 'attachments,author_id,context_annotations,conversation_id,created_at,entities,geo,id,in_reply_to_user_id,lang,public_metrics,text,possibly_sensitive,referenced_tweets,reply_settings,source,withheld', 'user.fields': 'created_at,description,entities,id,location,name,pinned_tweet_id,profile_image_url,protected,public_metrics,url,username,verified,withheld', 'media.fields': 'alt_text,duration_ms,height,media_key,preview_image_url,type,url,width,public_metrics', 'poll.fields': 'duration_minutes,end_datetime,id,options,voting_status', 'place.fields': 'contained_within,country,country_code,full_name,geo,id,name,place_type', 'start_time': None, 'end_time': None, 'query': 'from:elonmusk', 'max_results': 100, 'since_id': 1585981766229143552}}
2022-10-28 09:51:41,355 INFO Retrieved an empty page of results.
2022-10-28 09:51:41,356 INFO No more results for search from:elonmusk.
2022-11-11 07:48:45,899 INFO using config /Users/mstiles/Library/Application Support/twarc/config
2022-11-11 07:48:45,899 INFO creating config file: /Users/mstiles/Library/Application Support/twarc/config
2022-11-11 07:48:45,899 INFO creating config directory: /Users/mstiles/Library/Application Support/twarc
2022-11-11 07:51:10,722 INFO using config /Users/mstiles/Library/Application Support/twarc/config
2022-11-11 07:51:10,722 INFO creating HTTP session headers for app auth.
2022-11-11 07:51:10,742 INFO getting ('https://api.twitter.com/2/tweets/counts/all',) {'params': {'start_time': '2006-03-21T00:00:00+00:00', 'end_time': None, 'query': 'elonmusk OR Elon Musk', 'granularity': 'day'}}
2022-11-11 07:51:12,734 INFO getting ('https://api.twitter.com/2/tweets/counts/all',) {'params': {'start_time': '2006-03-21T00:00:00+00:00', 'end_time': None, 'query': 'elonmusk OR Elon Musk', 'granularity': 'day', 'next_token': '1jzu9lk96azp0b3x7888hrpw8n5f6gnbifiruntgc0ot'}}
2022-11-11 07:51:14,183 INFO getting ('https://api.twitter.com/2/tweets/counts/all',) {'params': {'start_time': '2006-03-21T00:00:00+00:00', 'end_time': None, 'query': 'elonmusk OR Elon Musk', 'granularity': 'day', 'next_token': '1jzu9lk96azp0b3x7888hrpw8n4dnrf84f3om9f8k9rx'}}
2022-11-11 07:51:15,536 INFO getting ('https://api.twitter.com/2/tweets/counts/all',) {'params': {'start_time': '2006-03-21T00:00:00+00:00', 'end_time': None, 'query': 'elonmusk OR Elon Musk', 'granularity': 'day', 'next_token': '1jzu9lk96azp0b3x7888hrpw8n4diak5cstmf8hz2s8t'}}
2022-11-11 07:51:16,899 INFO getting ('https://api.twitter.com/2/tweets/counts/all',) {'params': {'start_time': '2006-03-21T00:00:00+00:00', 'end_time': None, 'query': 'elonmusk OR Elon Musk', 'granularity': 'day', 'next_token': '1jzu9lk96azp0b3x7888hrpw8n4dctp2l6jk87kplapp'}}
2022-11-11 07:51:18,398 INFO getting ('https://api.twitter.com/2/tweets/counts/all',) {'params': {'start_time': '2006-03-21T00:00:00+00:00', 'end_time': None, 'query': 'elonmusk OR Elon Musk', 'granularity': 'day', 'next_token': '1jzu9lk96azp0b3x7888hrpw8n4d7ctvxevh04hbbce5'}}
2022-11-11 07:51:20,135 INFO getting ('https://api.twitter.com/2/tweets/counts/all',) {'params': {'start_time': '2006-03-21T00:00:00+00:00', 'end_time': None, 'query': 'elonmusk OR Elon Musk', 'granularity': 'day', 'next_token': '1jzu9lk96azp0b3x7888hrpw8n4d1vyt5slet3k1tuv1'}}
2022-11-11 07:51:22,600 INFO getting ('https://api.twitter.com/2/tweets/counts/all',) {'params': {'start_time': '2006-03-21T00:00:00+00:00', 'end_time': None, 'query': 'elonmusk OR Elon Musk', 'granularity': 'day', 'next_token': '1jzu9lk96azp0b3x7888hrpw8n4cwed0t72ac6jx1665'}}
2022-11-11 07:51:24,135 INFO getting ('https://api.twitter.com/2/tweets/counts/all',) {'params': {'start_time': '2006-03-21T00:00:00+00:00', 'end_time': None, 'query': 'elonmusk OR Elon Musk', 'granularity': 'day', 'next_token': '1jzu9lk96azp0b3x7888hrpw8n4cqxhy1ks855mnjon1'}}
2022-11-11 07:51:25,559 INFO getting ('https://api.twitter.com/2/tweets/counts/all',) {'params': {'start_time': '2006-03-21T00:00:00+00:00', 'end_time': None, 'query': 'elonmusk OR Elon Musk', 'granularity': 'day', 'next_token': '1jzu9lk96azp0b3x7888hrpw8n4clgmjlic2uy6zosql'}}
2022-11-11 07:51:27,003 INFO getting ('https://api.twitter.com/2/tweets/counts/all',) {'params': {'start_time': '2006-03-21T00:00:00+00:00', 'end_time': None, 'query': 'elonmusk OR Elon Musk', 'granularity': 'day', 'next_token': '1jzu9lk96azp0b3x7888hrpw8n4cfzrgtw20nx9q7b7h'}}
2022-11-11 07:51:28,436 INFO getting ('https://api.twitter.com/2/tweets/counts/all',) {'params': {'start_time': '2006-03-21T00:00:00+00:00', 'end_time': None, 'query': 'elonmusk OR Elon Musk', 'granularity': 'day', 'next_token': '1jzu9lk96azp0b3x7888hrpw8fgwirwpdefizge5zhx9'}}
2022-11-11 07:51:29,816 INFO getting ('https://api.twitter.com/2/tweets/counts/all',) {'params': {'start_time': '2006-03-21T00:00:00+00:00', 'end_time': None, 'query': 'elonmusk OR Elon Musk', 'granularity': 'day', 'next_token': '1jzu9lk96azp0b3x7888hrpw8fgwdb1ipmrfrdarpjlp'}}
2022-11-11 07:51:31,172 INFO getting ('https://api.twitter.com/2/tweets/counts/all',) {'params': {'start_time': '2006-03-21T00:00:00+00:00', 'end_time': None, 'query': 'elonmusk OR Elon Musk', 'granularity': 'day', 'next_token': '1jzu9lk96azp0b3x7888hrpw8fgw7u6fy0hdkcdi822l'}}
2022-11-11 07:51:32,441 INFO getting ('https://api.twitter.com/2/tweets/counts/all',) {'params': {'start_time': '2006-03-21T00:00:00+00:00', 'end_time': None, 'query': 'elonmusk OR Elon Musk', 'granularity': 'day', 'next_token': '1jzu9lk96azp0b3x7888hrpw8ffup4yck02abxzagb5p'}}
2022-11-11 07:51:33,703 INFO getting ('https://api.twitter.com/2/tweets/counts/all',) {'params': {'start_time': '2006-03-21T00:00:00+00:00', 'end_time': None, 'query': 'elonmusk OR Elon Musk', 'granularity': 'day', 'next_token': '1jzu9lk96azp0b3x7888hrpw8ffujo39sds84x20ytml'}}
2022-11-11 07:51:35,091 INFO getting ('https://api.twitter.com/2/tweets/counts/all',) {'params': {'start_time': '2006-03-21T00:00:00+00:00', 'end_time': None, 'query': 'elonmusk OR Elon Musk', 'granularity': 'day', 'next_token': '1jzu9lk96azp0b3x7888hrpw8ffue7870ri5xw4rhc3h'}}
2022-11-11 07:51:36,424 INFO getting ('https://api.twitter.com/2/tweets/counts/all',) {'params': {'start_time': '2006-03-21T00:00:00+00:00', 'end_time': None, 'query': 'elonmusk OR Elon Musk', 'granularity': 'day', 'next_token': '1jzu9lk96azp0b3x7888hrpw8ffu8qd0czu2pt1d7drx'}}
2022-11-11 07:51:37,858 INFO getting ('https://api.twitter.com/2/tweets/counts/all',) {'params': {'start_time': '2006-03-21T00:00:00+00:00', 'end_time': None, 'query': 'elonmusk OR Elon Musk', 'granularity': 'day', 'next_token': '1jzu9lk96azp0b3x7888hrpw8ffu39hxldk0is43pw8t'}}
2022-11-11 07:51:39,163 INFO getting ('https://api.twitter.com/2/tweets/counts/all',) {'params': {'start_time': '2006-03-21T00:00:00+00:00', 'end_time': None, 'query': 'elonmusk OR Elon Musk', 'granularity': 'day', 'next_token': '1jzu9lk96azp0b3x7888hrpw8fftxsmqxlvxap0pfxx9'}}
2022-11-11 07:51:40,458 INFO getting ('https://api.twitter.com/2/tweets/counts/all',) {'params': {'start_time': '2006-03-21T00:00:00+00:00', 'end_time': None, 'query': 'elonmusk OR Elon Musk', 'granularity': 'day', 'next_token': '1jzu9lk96azp0b3x7888hrpw8fftsbro5zlv3o3fyge5'}}
2022-11-11 07:51:41,954 INFO getting ('https://api.twitter.com/2/tweets/counts/all',) {'params': {'start_time': '2006-03-21T00:00:00+00:00', 'end_time': None, 'query': 'elonmusk OR Elon Musk', 'granularity': 'day', 'next_token': '1jzu9lk96azp0b3x7888hrpw8ffthgccpfjn9squoqkd'}}
2022-11-11 07:51:43,283 INFO getting ('https://api.twitter.com/2/tweets/counts/all',) {'params': {'start_time': '2006-03-21T00:00:00+00:00', 'end_time': None, 'query': 'elonmusk OR Elon Musk', 'granularity': 'day', 'next_token': '1jzu9lk96azp0b3x7888hrpw87sdk8hl8xx5lbvagxa5'}}
2022-11-11 07:51:44,496 INFO getting ('https://api.twitter.com/2/tweets/counts/all',) {'params': {'start_time': '2006-03-21T00:00:00+00:00', 'end_time': None, 'query': 'elonmusk OR Elon Musk', 'granularity': 'day', 'next_token': '1jzu9lk96azp0b3x7888hrpw87sdeqvswce14ev5o8l9'}}
2022-11-11 07:51:45,692 INFO getting ('https://api.twitter.com/2/tweets/counts/all',) {'params': {'start_time': '2006-03-21T00:00:00+00:00', 'end_time': None, 'query': 'elonmusk OR Elon Musk', 'granularity': 'day', 'next_token': '1jzu9lk96azp0b3x7888hrpw87sd9a0q4q3yxdxw6r25'}}
2022-11-11 07:51:46,878 INFO getting ('https://api.twitter.com/2/tweets/counts/all',) {'params': {'start_time': '2006-03-21T00:00:00+00:00', 'end_time': None, 'query': 'elonmusk OR Elon Musk', 'granularity': 'day', 'next_token': '1jzu9lk96azp0b3x7888hrpw87rbqksmqpovozjof059'}}
2022-11-11 07:51:48,088 INFO getting ('https://api.twitter.com/2/tweets/counts/all',) {'params': {'start_time': '2006-03-21T00:00:00+00:00', 'end_time': None, 'query': 'elonmusk OR Elon Musk', 'granularity': 'day', 'next_token': '1jzu9lk96azp0b3x7888hrpw87rbl3xjz3ethymexim5'}}
2022-11-11 07:51:49,309 INFO getting ('https://api.twitter.com/2/tweets/counts/all',) {'params': {'start_time': '2006-03-21T00:00:00+00:00', 'end_time': None, 'query': 'elonmusk OR Elon Musk', 'granularity': 'day', 'next_token': '1jzu9lk96azp0b3x7888hrpw87rbfn2h7h4raxp5g131'}}
2022-11-11 07:51:50,589 INFO getting ('https://api.twitter.com/2/tweets/counts/all',) {'params': {'start_time': '2006-03-21T00:00:00+00:00', 'end_time': None, 'query': 'elonmusk OR Elon Musk', 'granularity': 'day', 'next_token': '1jzu9lk96azp0b3x7888hrpw87rba67ajpgo2ulr62rh'}}
2022-11-11 07:51:51,811 INFO getting ('https://api.twitter.com/2/tweets/counts/all',) {'params': {'start_time': '2006-03-21T00:00:00+00:00', 'end_time': None, 'query': 'elonmusk OR Elon Musk', 'granularity': 'day', 'next_token': '1jzu9lk96azp0b3x7888hrpw87rb4pc7s36lvtohol8d'}}
2022-11-11 07:51:53,127 INFO getting ('https://api.twitter.com/2/tweets/counts/all',) {'params': {'start_time': '2006-03-21T00:00:00+00:00', 'end_time': None, 'query': 'elonmusk OR Elon Musk', 'granularity': 'day', 'next_token': '1jzu9lk96azp0b3x7888hrpw87raz8h14biinql3emwt'}}
2022-11-11 07:51:54,355 INFO getting ('https://api.twitter.com/2/tweets/counts/all',) {'params': {'start_time': '2006-03-21T00:00:00+00:00', 'end_time': None, 'query': 'elonmusk OR Elon Musk', 'granularity': 'day', 'next_token': '1jzu9lk96azp0b3x7888hrpw87ratrlycp8ggpntx5dp'}}
2022-11-11 07:51:55,587 INFO getting ('https://api.twitter.com/2/tweets/counts/all',) {'params': {'start_time': '2006-03-21T00:00:00+00:00', 'end_time': None, 'query': 'elonmusk OR Elon Musk', 'granularity': 'day', 'next_token': '1jzu9lk96azp0b3x7888hrpw87raoaqnss6c7keauq9p'}}
2022-11-11 07:51:56,771 INFO getting ('https://api.twitter.com/2/tweets/counts/all',) {'params': {'start_time': '2006-03-21T00:00:00+00:00', 'end_time': None, 'query': 'elonmusk OR Elon Musk', 'granularity': 'day', 'next_token': '1jzu9lk96azp0b3x7888hrpw87raitvl15wa0jh1d8ql'}}
2022-11-11 07:51:57,982 INFO getting ('https://api.twitter.com/2/tweets/counts/all',) {'params': {'start_time': '2006-03-21T00:00:00+00:00', 'end_time': None, 'query': 'elonmusk OR Elon Musk', 'granularity': 'day', 'next_token': '1jzu9lk96azp0b3x7888hrpuriia59njjrtww2orq7b1'}}
2022-11-11 07:51:59,212 INFO getting ('https://api.twitter.com/2/tweets/counts/all',) {'params': {'start_time': '2006-03-21T00:00:00+00:00', 'end_time': None, 'query': 'elonmusk OR Elon Musk', 'granularity': 'day', 'next_token': '1jzu9lk96azp0b3x7888hrpurii9zsscw05tnzldg8zh'}}
2022-11-11 07:52:00,406 INFO getting ('https://api.twitter.com/2/tweets/counts/all',) {'params': {'start_time': '2006-03-21T00:00:00+00:00', 'end_time': None, 'query': 'elonmusk OR Elon Musk', 'granularity': 'day', 'next_token': '1jzu9lk96azp0b3x7888hrpurii9ubxa4dvrgyo3yrgd'}}
2022-11-11 07:52:01,587 INFO getting ('https://api.twitter.com/2/tweets/counts/all',) {'params': {'start_time': '2006-03-21T00:00:00+00:00', 'end_time': None, 'query': 'elonmusk OR Elon Musk', 'granularity': 'day', 'next_token': '1jzu9lk96azp0b3x7888hrpurih8bmp6qdgo8k9w70jh'}}
2022-11-11 07:52:02,762 INFO getting ('https://api.twitter.com/2/tweets/counts/all',) {'params': {'start_time': '2006-03-21T00:00:00+00:00', 'end_time': None, 'query': 'elonmusk OR Elon Musk', 'granularity': 'day', 'next_token': '1jzu9lk96azp0b3x7888hrpurih865u3yr6m1jcmpj0d'}}
2022-11-11 07:52:03,948 INFO getting ('https://api.twitter.com/2/tweets/counts/all',) {'params': {'start_time': '2006-03-21T00:00:00+00:00', 'end_time': None, 'query': 'elonmusk OR Elon Musk', 'granularity': 'day', 'next_token': '1jzu9lk96azp0b3x7888hrpurih80oz174wjuifd81h9'}}
2022-11-11 07:52:05,134 INFO getting ('https://api.twitter.com/2/tweets/counts/all',) {'params': {'start_time': '2006-03-21T00:00:00+00:00', 'end_time': None, 'query': 'elonmusk OR Elon Musk', 'granularity': 'day', 'next_token': '1jzu9lk96azp0b3x7888hrpurih7v83ujd8gmfbyy35p'}}
2022-11-11 07:52:06,331 INFO getting ('https://api.twitter.com/2/tweets/counts/all',) {'params': {'start_time': '2006-03-21T00:00:00+00:00', 'end_time': None, 'query': 'elonmusk OR Elon Musk', 'granularity': 'day', 'next_token': '1jzu9lk96azp0b3x7888hrpurih7pr8rrqyefeepglml'}}
2022-11-11 07:52:07,534 INFO getting ('https://api.twitter.com/2/tweets/counts/all',) {'params': {'start_time': '2006-03-21T00:00:00+00:00', 'end_time': None, 'query': 'elonmusk OR Elon Musk', 'granularity': 'day', 'next_token': '1jzu9lk96azp0b3x7888hrpurih7kadl3zab7bbb6nb1'}}
2022-11-11 07:52:08,708 INFO getting ('https://api.twitter.com/2/tweets/counts/all',) {'params': {'start_time': '2006-03-21T00:00:00+00:00', 'end_time': None, 'query': 'elonmusk OR Elon Musk', 'granularity': 'day', 'next_token': '1jzu9lk96azp0b3x7888hrpurih7etiicd090ae1p5rx'}}
2022-11-11 07:52:09,894 INFO getting ('https://api.twitter.com/2/tweets/counts/all',) {'params': {'start_time': '2006-03-21T00:00:00+00:00', 'end_time': None, 'query': 'elonmusk OR Elon Musk', 'granularity': 'day', 'next_token': '1jzu9lk96azp0b3x7888hrpurih79bwi7gp2h91nbji5'}}
2022-11-11 07:52:11,101 INFO getting ('https://api.twitter.com/2/tweets/counts/all',) {'params': {'start_time': '2006-03-21T00:00:00+00:00', 'end_time': None, 'query': 'elonmusk OR Elon Musk', 'granularity': 'day', 'next_token': '1jzu9lk96azp0b3x7888hrpurih73v1ffuf0a84du1z1'}}
2022-11-11 07:52:12,290 INFO getting ('https://api.twitter.com/2/tweets/counts/all',) {'params': {'start_time': '2006-03-21T00:00:00+00:00', 'end_time': None, 'query': 'elonmusk OR Elon Musk', 'granularity': 'day', 'next_token': '1jzu9lk96azp0b3x7888hrpuratr6n6nzcsilr8tm8ot'}}
2022-11-11 07:52:13,460 INFO getting ('https://api.twitter.com/2/tweets/counts/all',) {'params': {'start_time': '2006-03-21T00:00:00+00:00', 'end_time': None, 'query': 'elonmusk OR Elon Musk', 'granularity': 'day', 'next_token': '1jzu9lk96azp0b3x7888hrpuratr16bhbl4fdo5fcad9'}}
2022-11-11 07:52:14,655 INFO getting ('https://api.twitter.com/2/tweets/counts/all',) {'params': {'start_time': '2006-03-21T00:00:00+00:00', 'end_time': None, 'query': 'elonmusk OR Elon Musk', 'granularity': 'day', 'next_token': '1jzu9lk96azp0b3x7888hrpuratqvpgejyud6n85usu5'}}
2022-11-11 07:52:15,843 INFO getting ('https://api.twitter.com/2/tweets/counts/all',) {'params': {'start_time': '2006-03-21T00:00:00+00:00', 'end_time': None, 'query': 'elonmusk OR Elon Musk', 'granularity': 'day', 'next_token': '1jzu9lk96azp0b3x7888hrpuraspd08b5yf9y8ty31x9'}}
2022-11-11 07:52:17,068 INFO getting ('https://api.twitter.com/2/tweets/counts/all',) {'params': {'start_time': '2006-03-21T00:00:00+00:00', 'end_time': None, 'query': 'elonmusk OR Elon Musk', 'granularity': 'day', 'next_token': '1jzu9lk96azp0b3x7888hrpurasp7jd8ec57r7wolke5'}}
2022-11-11 07:52:18,248 INFO getting ('https://api.twitter.com/2/tweets/counts/all',) {'params': {'start_time': '2006-03-21T00:00:00+00:00', 'end_time': None, 'query': 'elonmusk OR Elon Musk', 'granularity': 'day', 'next_token': '1jzu9lk96azp0b3x7888hrpurasp22i5mpv5k6zf42v1'}}
2022-11-11 07:52:19,447 INFO getting ('https://api.twitter.com/2/tweets/counts/all',) {'params': {'start_time': '2006-03-21T00:00:00+00:00', 'end_time': None, 'query': 'elonmusk OR Elon Musk', 'granularity': 'day', 'next_token': '1jzu9lk96azp0b3x7888hrpurasowlmyyy72c3w0u4jh'}}
2022-11-11 07:52:20,629 INFO getting ('https://api.twitter.com/2/tweets/counts/all',) {'params': {'start_time': '2006-03-21T00:00:00+00:00', 'end_time': None, 'query': 'elonmusk OR Elon Musk', 'granularity': 'day', 'next_token': '1jzu9lk96azp0b3x7888hrpurasor4rw7bx052yrcn0d'}}
2022-11-11 07:52:21,802 INFO getting ('https://api.twitter.com/2/tweets/counts/all',) {'params': {'start_time': '2006-03-21T00:00:00+00:00', 'end_time': None, 'query': 'elonmusk OR Elon Musk', 'granularity': 'day', 'next_token': '1jzu9lk96azp0b3x7888hrpurasolnwpjk8wwzvd2oot'}}
2022-11-11 07:52:22,964 INFO getting ('https://api.twitter.com/2/tweets/counts/all',) {'params': {'start_time': '2006-03-21T00:00:00+00:00', 'end_time': None, 'query': 'elonmusk OR Elon Musk', 'granularity': 'day', 'next_token': '1jzu9lk96azp0b3x7888hrpurasog71mrxyupyy3l75p'}}
2022-11-11 07:52:24,142 INFO getting ('https://api.twitter.com/2/tweets/counts/all',) {'params': {'start_time': '2006-03-21T00:00:00+00:00', 'end_time': None, 'query': 'elonmusk OR Elon Musk', 'granularity': 'day', 'next_token': '1jzu9lk96azp0b3x7888hrpurasoaq68bvipfrifqb99'}}
2022-11-11 07:52:25,337 INFO getting ('https://api.twitter.com/2/tweets/counts/all',) {'params': {'start_time': '2006-03-21T00:00:00+00:00', 'end_time': None, 'query': 'elonmusk OR Elon Musk', 'granularity': 'day', 'next_token': '1jzu9lk96azp0b3x7888hrpuraso59b5k98n8ql68tq5'}}
2022-11-11 07:52:26,512 INFO getting ('https://api.twitter.com/2/tweets/counts/all',) {'params': {'start_time': '2006-03-21T00:00:00+00:00', 'end_time': None, 'query': 'elonmusk OR Elon Musk', 'granularity': 'day', 'next_token': '1jzu9lk96azp0b3x7888hrpur35881ge3rm5k9pm10fx'}}
2022-11-11 07:52:27,680 INFO getting ('https://api.twitter.com/2/tweets/counts/all',) {'params': {'start_time': '2006-03-21T00:00:00+00:00', 'end_time': None, 'query': 'elonmusk OR Elon Musk', 'granularity': 'day', 'next_token': '1jzu9lk96azp0b3x7888hrpur3582julr6313cph8br1'}}
2022-11-11 07:52:28,838 INFO getting ('https://api.twitter.com/2/tweets/counts/all',) {'params': {'start_time': '2006-03-21T00:00:00+00:00', 'end_time': None, 'query': 'elonmusk OR Elon Musk', 'granularity': 'day', 'next_token': '1jzu9lk96azp0b3x7888hrpur357x2zizjsywbs7qu7x'}}
2022-11-11 07:52:29,999 INFO getting ('https://api.twitter.com/2/tweets/counts/all',) {'params': {'start_time': '2006-03-21T00:00:00+00:00', 'end_time': None, 'query': 'elonmusk OR Elon Musk', 'granularity': 'day', 'next_token': '1jzu9lk96azp0b3x7888hrpur346edrfljdvnxdzz3b1'}}
2022-11-11 07:52:31,155 INFO getting ('https://api.twitter.com/2/tweets/counts/all',) {'params': {'start_time': '2006-03-21T00:00:00+00:00', 'end_time': None, 'query': 'elonmusk OR Elon Musk', 'granularity': 'day', 'next_token': '1jzu9lk96azp0b3x7888hrpur3468wwctx3tgwgqhlrx'}}
2022-11-11 07:52:32,326 INFO getting ('https://api.twitter.com/2/tweets/counts/all',) {'params': {'start_time': '2006-03-21T00:00:00+00:00', 'end_time': None, 'query': 'elonmusk OR Elon Musk', 'granularity': 'day', 'next_token': '1jzu9lk96azp0b3x7888hrpur3463g1a2atr9vjh048t'}}
2022-11-11 07:52:33,494 INFO getting ('https://api.twitter.com/2/tweets/counts/all',) {'params': {'start_time': '2006-03-21T00:00:00+00:00', 'end_time': None, 'query': 'elonmusk OR Elon Musk', 'granularity': 'day', 'next_token': '1jzu9lk96azp0b3x7888hrpur345xz63ej5o1sg2q5x9'}}
2022-11-11 07:52:34,663 INFO getting ('https://api.twitter.com/2/tweets/counts/all',) {'params': {'start_time': '2006-03-21T00:00:00+00:00', 'end_time': None, 'query': 'elonmusk OR Elon Musk', 'granularity': 'day', 'next_token': '1jzu9lk96azp0b3x7888hrpur345sib0mwvlurit8oe5'}}
2022-11-11 07:52:35,815 INFO getting ('https://api.twitter.com/2/tweets/counts/all',) {'params': {'start_time': '2006-03-21T00:00:00+00:00', 'end_time': None, 'query': 'elonmusk OR Elon Musk', 'granularity': 'day', 'next_token': '1jzu9lk96azp0b3x7888hrpur345n1ftz57imofeyq2l'}}
2022-11-11 07:52:36,973 INFO getting ('https://api.twitter.com/2/tweets/counts/all',) {'params': {'start_time': '2006-03-21T00:00:00+00:00', 'end_time': None, 'query': 'elonmusk OR Elon Musk', 'granularity': 'day', 'next_token': '1jzu9lk96azp0b3x7888hrpur345hkkr7ixgfni5h8jh'}}
2022-11-11 07:52:38,133 INFO getting ('https://api.twitter.com/2/tweets/counts/all',) {'params': {'start_time': '2006-03-21T00:00:00+00:00', 'end_time': None, 'query': 'elonmusk OR Elon Musk', 'granularity': 'day', 'next_token': '1jzu9lk96azp0b3x7888hrpur345c3pcrghb5g2hmcn1'}}
2022-11-11 07:52:39,291 INFO getting ('https://api.twitter.com/2/tweets/counts/all',) {'params': {'start_time': '2006-03-21T00:00:00+00:00', 'end_time': None, 'query': 'elonmusk OR Elon Musk', 'granularity': 'day', 'next_token': '1jzu9lk96azp0b3x7888hrpur3456mu9zu78yf584v3x'}}
2022-11-11 07:52:40,444 INFO getting ('https://api.twitter.com/2/tweets/counts/all',) {'params': {'start_time': '2006-03-21T00:00:00+00:00', 'end_time': None, 'query': 'elonmusk OR Elon Musk', 'granularity': 'day', 'next_token': '1jzu9lk96azp0b3x7888hrpuqvgp9ezijckr9y9nx1tp'}}
2022-11-11 07:52:41,601 INFO getting ('https://api.twitter.com/2/tweets/counts/all',) {'params': {'start_time': '2006-03-21T00:00:00+00:00', 'end_time': None, 'query': 'elonmusk OR Elon Musk', 'granularity': 'day', 'next_token': '1jzu9lk96azp0b3x7888hrpuqvgp3y4bvkwo1v69n3i5'}}
2022-11-11 07:52:42,749 INFO getting ('https://api.twitter.com/2/tweets/counts/all',) {'params': {'start_time': '2006-03-21T00:00:00+00:00', 'end_time': None, 'query': 'elonmusk OR Elon Musk', 'granularity': 'day', 'next_token': '1jzu9lk96azp0b3x7888hrpuqvgoyh993ymluu905lz1'}}
2022-11-11 07:52:43,922 INFO getting ('https://api.twitter.com/2/tweets/counts/all',) {'params': {'start_time': '2006-03-21T00:00:00+00:00', 'end_time': None, 'query': 'elonmusk OR Elon Musk', 'granularity': 'day', 'next_token': '1jzu9lk96azp0b3x7888hrpuqvfnfs15py7imfusdv25'}}
2022-11-11 07:52:45,060 INFO getting ('https://api.twitter.com/2/tweets/counts/all',) {'params': {'start_time': '2006-03-21T00:00:00+00:00', 'end_time': None, 'query': 'elonmusk OR Elon Musk', 'granularity': 'day', 'next_token': '1jzu9lk96azp0b3x7888hrpuqvfnab62ybxgfexiwdj1'}}
2022-11-11 07:52:46,207 INFO getting ('https://api.twitter.com/2/tweets/counts/all',) {'params': {'start_time': '2006-03-21T00:00:00+00:00', 'end_time': None, 'query': 'elonmusk OR Elon Musk', 'granularity': 'day', 'next_token': '1jzu9lk96azp0b3x7888hrpuqvfn4ub06pne8e09evzx'}}
2022-11-11 07:52:47,365 INFO getting ('https://api.twitter.com/2/tweets/counts/all',) {'params': {'start_time': '2006-03-21T00:00:00+00:00', 'end_time': None, 'query': 'elonmusk OR Elon Musk', 'granularity': 'day', 'next_token': '1jzu9lk96azp0b3x7888hrpuqvfmtyvwigd8gmzxq3r1'}}
2022-11-11 07:52:48,512 INFO getting ('https://api.twitter.com/2/tweets/counts/all',) {'params': {'start_time': '2006-03-21T00:00:00+00:00', 'end_time': None, 'query': 'elonmusk OR Elon Musk', 'granularity': 'day', 'next_token': '1jzu9lk96azp0b3x7888hrpuqvfmoi0puop58jwjg5fh'}}
2022-11-11 07:52:49,667 INFO getting ('https://api.twitter.com/2/tweets/counts/all',) {'params': {'start_time': '2006-03-21T00:00:00+00:00', 'end_time': None, 'query': 'elonmusk OR Elon Musk', 'granularity': 'day', 'next_token': '1jzu9lk96azp0b3x7888hrpuqvfmj15n32f31iz9ynwd'}}
2022-11-11 07:52:50,845 INFO getting ('https://api.twitter.com/2/tweets/counts/all',) {'params': {'start_time': '2006-03-21T00:00:00+00:00', 'end_time': None, 'query': 'elonmusk OR Elon Musk', 'granularity': 'day', 'next_token': '1jzu9lk96azp0b3x7888hrpuqvfmdjjqubhxjjt0dif1'}}
2022-11-11 07:52:52,001 INFO getting ('https://api.twitter.com/2/tweets/counts/all',) {'params': {'start_time': '2006-03-21T00:00:00+00:00', 'end_time': None, 'query': 'elonmusk OR Elon Musk', 'granularity': 'day', 'next_token': '1jzu9lk96azp0b3x7888hrpuqvfm82oo2p7vcivqw0vx'}}
2022-11-11 07:52:53,158 INFO getting ('https://api.twitter.com/2/tweets/counts/all',) {'params': {'start_time': '2006-03-21T00:00:00+00:00', 'end_time': None, 'query': 'elonmusk OR Elon Musk', 'granularity': 'day', 'next_token': '1jzu9lk96azp0b3x7888hrpuqns6autwm7ldo206o7lp'}}
2022-11-11 07:52:54,318 INFO getting ('https://api.twitter.com/2/tweets/counts/all',) {'params': {'start_time': '2006-03-21T00:00:00+00:00', 'end_time': None, 'query': 'elonmusk OR Elon Musk', 'granularity': 'day', 'next_token': '1jzu9lk96azp0b3x7888hrpuqns65dypyfxafywse9a5'}}
2022-11-11 07:52:55,464 INFO getting ('https://api.twitter.com/2/tweets/counts/all',) {'params': {'start_time': '2006-03-21T00:00:00+00:00', 'end_time': None, 'query': 'elonmusk OR Elon Musk', 'granularity': 'day', 'next_token': '1jzu9lk96azp0b3x7888hrpuqns5zx3n6tn88xziwrr1'}}
2022-11-11 07:52:56,617 INFO getting ('https://api.twitter.com/2/tweets/counts/all',) {'params': {'start_time': '2006-03-21T00:00:00+00:00', 'end_time': None, 'query': 'elonmusk OR Elon Musk', 'granularity': 'day', 'next_token': '1jzu9lk96azp0b3x7888hrpuqnr4h7vjst850jlb50u5'}}
2022-11-11 07:52:57,762 INFO getting ('https://api.twitter.com/2/tweets/counts/all',) {'params': {'start_time': '2006-03-21T00:00:00+00:00', 'end_time': None, 'query': 'elonmusk OR Elon Musk', 'granularity': 'day', 'next_token': '1jzu9lk96azp0b3x7888hrpuqnr4br0h16y2tio1njb1'}}
2022-11-11 07:52:58,909 INFO getting ('https://api.twitter.com/2/tweets/counts/all',) {'params': {'start_time': '2006-03-21T00:00:00+00:00', 'end_time': None, 'query': 'elonmusk OR Elon Musk', 'granularity': 'day', 'next_token': '1jzu9lk96azp0b3x7888hrpuqnr46a5e9ko0mhqs61rx'}}
2022-11-11 07:53:00,060 INFO getting ('https://api.twitter.com/2/tweets/counts/all',) {'params': {'start_time': '2006-03-21T00:00:00+00:00', 'end_time': None, 'query': 'elonmusk OR Elon Musk', 'granularity': 'day', 'next_token': '1jzu9lk96azp0b3x7888hrpuqnr40ta7lszxeendw3gd'}}
2022-11-11 07:53:01,197 INFO getting ('https://api.twitter.com/2/tweets/counts/all',) {'params': {'start_time': '2006-03-21T00:00:00+00:00', 'end_time': None, 'query': 'elonmusk OR Elon Musk', 'granularity': 'day', 'next_token': '1jzu9lk96azp0b3x7888hrpuqnr3vcf4u6pv7dq4elx9'}}
2022-11-11 07:53:02,343 INFO getting ('https://api.twitter.com/2/tweets/counts/all',) {'params': {'start_time': '2006-03-21T00:00:00+00:00', 'end_time': None, 'query': 'elonmusk OR Elon Musk', 'granularity': 'day', 'next_token': '1jzu9lk96azp0b3x7888hrpuqnr3pvjy6f1rzamq4nlp'}}
2022-11-11 07:53:03,496 INFO getting ('https://api.twitter.com/2/tweets/counts/all',) {'params': {'start_time': '2006-03-21T00:00:00+00:00', 'end_time': None, 'query': 'elonmusk OR Elon Musk', 'granularity': 'day', 'next_token': '1jzu9lk96azp0b3x7888hrpuqnr3keovesrps9pgn62l'}}
2022-11-11 07:53:04,642 INFO getting ('https://api.twitter.com/2/tweets/counts/all',) {'params': {'start_time': '2006-03-21T00:00:00+00:00', 'end_time': None, 'query': 'elonmusk OR Elon Musk', 'granularity': 'day', 'next_token': '1jzu9lk96azp0b3x7888hrpuqnr3extgyqbki29ssa65'}}
2022-11-11 07:53:05,787 INFO getting ('https://api.twitter.com/2/tweets/counts/all',) {'params': {'start_time': '2006-03-21T00:00:00+00:00', 'end_time': None, 'query': 'elonmusk OR Elon Musk', 'granularity': 'day', 'next_token': '1jzu9lk96azp0b3x7888hrpuqnr39gye741ib1cjasn1'}}
2022-11-11 07:53:06,931 INFO getting ('https://api.twitter.com/2/tweets/counts/all',) {'params': {'start_time': '2006-03-21T00:00:00+00:00', 'end_time': None, 'query': 'elonmusk OR Elon Musk', 'granularity': 'day', 'next_token': '1jzu9lk96azp0b3x7888hrpuqg3nc93mqmf0mkgz2zct'}}
2022-11-11 07:53:08,096 INFO getting ('https://api.twitter.com/2/tweets/counts/all',) {'params': {'start_time': '2006-03-21T00:00:00+00:00', 'end_time': None, 'query': 'elonmusk OR Elon Musk', 'granularity': 'day', 'next_token': '1jzu9lk96azp0b3x7888hrpuqg3n6s8g2uqxehdkt119'}}
2022-11-11 07:53:09,251 INFO getting ('https://api.twitter.com/2/tweets/counts/all',) {'params': {'start_time': '2006-03-21T00:00:00+00:00', 'end_time': None, 'query': 'elonmusk OR Elon Musk', 'granularity': 'day', 'next_token': '1jzu9lk96azp0b3x7888hrpuqg3n1bddb8gv7ggbbji5'}}
2022-11-11 07:53:10,431 INFO getting ('https://api.twitter.com/2/tweets/counts/all',) {'params': {'start_time': '2006-03-21T00:00:00+00:00', 'end_time': None, 'query': 'elonmusk OR Elon Musk', 'granularity': 'day', 'next_token': '1jzu9lk96azp0b3x7888hrpuqg2lileo8e6qq85d127x'}}
2022-11-11 07:53:11,575 INFO getting ('https://api.twitter.com/2/tweets/counts/all',) {'params': {'start_time': '2006-03-21T00:00:00+00:00', 'end_time': None, 'query': 'elonmusk OR Elon Musk', 'granularity': 'day', 'next_token': '1jzu9lk96azp0b3x7888hrpuqg2ld4jlgrwoj783jkot'}}
2022-11-11 07:53:12,724 INFO getting ('https://api.twitter.com/2/tweets/counts/all',) {'params': {'start_time': '2006-03-21T00:00:00+00:00', 'end_time': None, 'query': 'elonmusk OR Elon Musk', 'granularity': 'day', 'next_token': '1jzu9lk96azp0b3x7888hrpuqg2l7noip5mmc6au235p'}}
2022-11-11 07:53:13,870 INFO getting ('https://api.twitter.com/2/tweets/counts/all',) {'params': {'start_time': '2006-03-21T00:00:00+00:00', 'end_time': None, 'query': 'elonmusk OR Elon Musk', 'granularity': 'day', 'next_token': '1jzu9lk96azp0b3x7888hrpuqg2l26tc1dyj437fs4u5'}}
2022-11-11 07:53:15,020 INFO getting ('https://api.twitter.com/2/tweets/counts/all',) {'params': {'start_time': '2006-03-21T00:00:00+00:00', 'end_time': None, 'query': 'elonmusk OR Elon Musk', 'granularity': 'day', 'next_token': '1jzu9lk96azp0b3x7888hrpuqg2kwpy99rogx2a6anb1'}}
2022-11-11 07:53:16,199 INFO getting ('https://api.twitter.com/2/tweets/counts/all',) {'params': {'start_time': '2006-03-21T00:00:00+00:00', 'end_time': None, 'query': 'elonmusk OR Elon Musk', 'granularity': 'day', 'next_token': '1jzu9lk96azp0b3x7888hrpuqg2kr932m00doz6s0ozh'}}
2022-11-11 07:53:17,342 INFO getting ('https://api.twitter.com/2/tweets/counts/all',) {'params': {'start_time': '2006-03-21T00:00:00+00:00', 'end_time': None, 'query': 'elonmusk OR Elon Musk', 'granularity': 'day', 'next_token': '1jzu9lk96azp0b3x7888hrpuqg2kls7zudqbhy9ij7gd'}}
2022-11-11 07:53:18,483 INFO getting ('https://api.twitter.com/2/tweets/counts/all',) {'params': {'start_time': '2006-03-21T00:00:00+00:00', 'end_time': None, 'query': 'elonmusk OR Elon Musk', 'granularity': 'day', 'next_token': '1jzu9lk96azp0b3x7888hrpuqg2kgbcleba67qtuobjx'}}
2022-11-11 07:53:19,627 INFO getting ('https://api.twitter.com/2/tweets/counts/all',) {'params': {'start_time': '2006-03-21T00:00:00+00:00', 'end_time': None, 'query': 'elonmusk OR Elon Musk', 'granularity': 'day', 'next_token': '1jzu9lk96azp0b3x7888hrpuqg2kauhimp040pwl6u0t'}}
2022-11-11 07:53:20,768 INFO getting ('https://api.twitter.com/2/tweets/counts/all',) {'params': {'start_time': '2006-03-21T00:00:00+00:00', 'end_time': None, 'query': 'elonmusk OR Elon Musk', 'granularity': 'day', 'next_token': '1jzu9lk96azp0b3x7888hrpuq8f4dmmr67dmc910z0ql'}}
2022-11-11 07:53:21,910 INFO getting ('https://api.twitter.com/2/tweets/counts/all',) {'params': {'start_time': '2006-03-21T00:00:00+00:00', 'end_time': None, 'query': 'elonmusk OR Elon Musk', 'granularity': 'day', 'next_token': '1jzu9lk96azp0b3x7888hrpuq8f485rkifpj45xmp2f1'}}
2022-11-11 07:53:23,047 INFO getting ('https://api.twitter.com/2/tweets/counts/all',) {'params': {'start_time': '2006-03-21T00:00:00+00:00', 'end_time': None, 'query': 'elonmusk OR Elon Musk', 'granularity': 'day', 'next_token': '1jzu9lk96azp0b3x7888hrpuq8f42owhqtfgx50d7kvx'}}
2022-11-11 07:53:24,205 INFO getting ('https://api.twitter.com/2/tweets/counts/all',) {'params': {'start_time': '2006-03-21T00:00:00+00:00', 'end_time': None, 'query': 'elonmusk OR Elon Musk', 'granularity': 'day', 'next_token': '1jzu9lk96azp0b3x7888hrpuq8e2jzoect0doqm5ftz1'}}
2022-11-11 07:53:25,363 INFO getting ('https://api.twitter.com/2/tweets/counts/all',) {'params': {'start_time': '2006-03-21T00:00:00+00:00', 'end_time': None, 'query': 'elonmusk OR Elon Musk', 'granularity': 'day', 'next_token': '1jzu9lk96azp0b3x7888hrpuq8e2eitbl6qbhpovycfx'}}
2022-11-11 07:53:26,502 INFO getting ('https://api.twitter.com/2/tweets/counts/all',) {'params': {'start_time': '2006-03-21T00:00:00+00:00', 'end_time': None, 'query': 'elonmusk OR Elon Musk', 'granularity': 'day', 'next_token': '1jzu9lk96azp0b3x7888hrpuq8e291y8tkg9aormguwt'}}
2022-11-11 07:53:27,645 INFO getting ('https://api.twitter.com/2/tweets/counts/all',) {'params': {'start_time': '2006-03-21T00:00:00+00:00', 'end_time': None, 'query': 'elonmusk OR Elon Musk', 'granularity': 'day', 'next_token': '1jzu9lk96azp0b3x7888hrpuq8e23l325ss62lo86wl9'}}
2022-11-11 07:53:28,786 INFO getting ('https://api.twitter.com/2/tweets/counts/all',) {'params': {'start_time': '2006-03-21T00:00:00+00:00', 'end_time': None, 'query': 'elonmusk OR Elon Musk', 'granularity': 'day', 'next_token': '1jzu9lk96azp0b3x7888hrpuq8e1y47ze6i3vkqypf25'}}
2022-11-11 07:53:29,935 INFO getting ('https://api.twitter.com/2/tweets/counts/all',) {'params': {'start_time': '2006-03-21T00:00:00+00:00', 'end_time': None, 'query': 'elonmusk OR Elon Musk', 'granularity': 'day', 'next_token': '1jzu9lk96azp0b3x7888hrpuq8e1sncsqeu0nhnkfgql'}}
2022-11-11 07:53:31,069 INFO getting ('https://api.twitter.com/2/tweets/counts/all',) {'params': {'start_time': '2006-03-21T00:00:00+00:00', 'end_time': None, 'query': 'elonmusk OR Elon Musk', 'granularity': 'day', 'next_token': '1jzu9lk96azp0b3x7888hrpuq8e1n6hpysjyggqaxz7h'}}
2022-11-11 07:53:32,211 INFO getting ('https://api.twitter.com/2/tweets/counts/all',) {'params': {'start_time': '2006-03-21T00:00:00+00:00', 'end_time': None, 'query': 'elonmusk OR Elon Musk', 'granularity': 'day', 'next_token': '1jzu9lk96azp0b3x7888hrpuq8e1hovptw8rxfdwkcxp'}}
2022-11-11 07:53:33,354 INFO getting ('https://api.twitter.com/2/tweets/counts/all',) {'params': {'start_time': '2006-03-21T00:00:00+00:00', 'end_time': None, 'query': 'elonmusk OR Elon Musk', 'granularity': 'day', 'next_token': '1jzu9lk96azp0b3x7888hrpuq8e1c80n29ypqegn2vel'}}
2022-11-11 07:53:34,503 INFO getting ('https://api.twitter.com/2/tweets/counts/all',) {'params': {'start_time': '2006-03-21T00:00:00+00:00', 'end_time': None, 'query': 'elonmusk OR Elon Musk', 'granularity': 'day', 'next_token': '1jzu9lk96azp0b3x7888hrpuq0qlf05vlsc81xl2v24d'}}
2022-11-11 07:53:35,635 INFO getting ('https://api.twitter.com/2/tweets/counts/all',) {'params': {'start_time': '2006-03-21T00:00:00+00:00', 'end_time': None, 'query': 'elonmusk OR Elon Musk', 'granularity': 'day', 'next_token': '1jzu9lk96azp0b3x7888hrpuq0ql9jaoy0o4tuhol3st'}}
2022-11-11 07:53:36,776 INFO getting ('https://api.twitter.com/2/tweets/counts/all',) {'params': {'start_time': '2006-03-21T00:00:00+00:00', 'end_time': None, 'query': 'elonmusk OR Elon Musk', 'granularity': 'day', 'next_token': '1jzu9lk96azp0b3x7888hrpuq0ql42fm6ee2mtkf3m9p'}}
2022-11-11 07:53:37,927 INFO getting ('https://api.twitter.com/2/tweets/counts/all',) {'params': {'start_time': '2006-03-21T00:00:00+00:00', 'end_time': None, 'query': 'elonmusk OR Elon Musk', 'granularity': 'day', 'next_token': '1jzu9lk96azp0b3x7888hrpuq0pjld7isdyzef67bvct'}}
2022-11-11 07:53:39,069 INFO getting ('https://api.twitter.com/2/tweets/counts/all',) {'params': {'start_time': '2006-03-21T00:00:00+00:00', 'end_time': None, 'query': 'elonmusk OR Elon Musk', 'granularity': 'day', 'next_token': '1jzu9lk96azp0b3x7888hrpuq0pjfwcg0rox7e8xudtp'}}
2022-11-11 07:53:40,213 INFO getting ('https://api.twitter.com/2/tweets/counts/all',) {'params': {'start_time': '2006-03-21T00:00:00+00:00', 'end_time': None, 'query': 'elonmusk OR Elon Musk', 'granularity': 'day', 'next_token': '1jzu9lk96azp0b3x7888hrpuq0pjafhd95ev0dbocwal'}}
2022-11-11 07:53:41,351 INFO getting ('https://api.twitter.com/2/tweets/counts/all',) {'params': {'start_time': '2006-03-21T00:00:00+00:00', 'end_time': None, 'query': 'elonmusk OR Elon Musk', 'granularity': 'day', 'next_token': '1jzu9lk96azp0b3x7888hrpuq0pj4ym6ldqrsa8a2xz1'}}
2022-11-11 07:53:42,493 INFO getting ('https://api.twitter.com/2/tweets/counts/all',) {'params': {'start_time': '2006-03-21T00:00:00+00:00', 'end_time': None, 'query': 'elonmusk OR Elon Musk', 'granularity': 'day', 'next_token': '1jzu9lk96azp0b3x7888hrpuq0pizhr3trgpl9b0lgfx'}}
2022-11-11 07:53:43,624 INFO getting ('https://api.twitter.com/2/tweets/counts/all',) {'params': {'start_time': '2006-03-21T00:00:00+00:00', 'end_time': None, 'query': 'elonmusk OR Elon Musk', 'granularity': 'day', 'next_token': '1jzu9lk96azp0b3x7888hrpuq0piu0vx5zsmd67mbi4d'}}
2022-11-11 07:53:44,772 INFO getting ('https://api.twitter.com/2/tweets/counts/all',) {'params': {'start_time': '2006-03-21T00:00:00+00:00', 'end_time': None, 'query': 'elonmusk OR Elon Musk', 'granularity': 'day', 'next_token': '1jzu9lk96azp0b3x7888hrpuq0piok0uedik65acu0l9'}}
2022-11-11 07:53:45,901 INFO getting ('https://api.twitter.com/2/tweets/counts/all',) {'params': {'start_time': '2006-03-21T00:00:00+00:00', 'end_time': None, 'query': 'elonmusk OR Elon Musk', 'granularity': 'day', 'next_token': '1jzu9lk96azp0b3x7888hrpuq0pij35juggfx00trlh9'}}
2022-11-11 07:53:47,038 INFO getting ('https://api.twitter.com/2/tweets/counts/all',) {'params': {'start_time': '2006-03-21T00:00:00+00:00', 'end_time': None, 'query': 'elonmusk OR Elon Musk', 'granularity': 'day', 'next_token': '1jzu9lk96azp0b3x7888hrpuq0pidmah2u6dpz3ka3y5'}}
2022-11-11 07:53:48,171 INFO getting ('https://api.twitter.com/2/tweets/counts/all',) {'params': {'start_time': '2006-03-21T00:00:00+00:00', 'end_time': None, 'query': 'elonmusk OR Elon Musk', 'granularity': 'day', 'next_token': '1jzu9lk96azp0b3x7888hrpupt22gefpmcjw1i802anx'}}
2022-11-11 07:53:49,303 INFO getting ('https://api.twitter.com/2/tweets/counts/all',) {'params': {'start_time': '2006-03-21T00:00:00+00:00', 'end_time': None, 'query': 'elonmusk OR Elon Musk', 'granularity': 'day', 'next_token': '1jzu9lk96azp0b3x7888hrpupt225j0ly39q9r7odif1'}}
2022-11-11 07:53:50,445 INFO getting ('https://api.twitter.com/2/tweets/counts/all',) {'params': {'start_time': '2006-03-21T00:00:00+00:00', 'end_time': None, 'query': 'elonmusk OR Elon Musk', 'granularity': 'day', 'next_token': '1jzu9lk96azp0b3x7888hrpupt10mtsik2un1ctglri5'}}
2022-11-11 07:53:51,588 INFO getting ('https://api.twitter.com/2/tweets/counts/all',) {'params': {'start_time': '2006-03-21T00:00:00+00:00', 'end_time': None, 'query': 'elonmusk OR Elon Musk', 'granularity': 'day', 'next_token': '1jzu9lk96azp0b3x7888hrpupt10hcxfsgkkubw749z1'}}
2022-11-11 07:53:52,722 INFO getting ('https://api.twitter.com/2/tweets/counts/all',) {'params': {'start_time': '2006-03-21T00:00:00+00:00', 'end_time': None, 'query': 'elonmusk OR Elon Musk', 'granularity': 'day', 'next_token': '1jzu9lk96azp0b3x7888hrpupt10bw2d0uainayxmsfx'}}
2022-11-11 07:53:53,867 INFO getting ('https://api.twitter.com/2/tweets/counts/all',) {'params': {'start_time': '2006-03-21T00:00:00+00:00', 'end_time': None, 'query': 'elonmusk OR Elon Musk', 'granularity': 'day', 'next_token': '1jzu9lk96azp0b3x7888hrpupt106egko8re6dysu3r1'}}
2022-11-11 07:53:54,997 INFO getting ('https://api.twitter.com/2/tweets/counts/all',) {'params': {'start_time': '2006-03-21T00:00:00+00:00', 'end_time': None, 'query': 'elonmusk OR Elon Musk', 'granularity': 'day', 'next_token': '1jzu9lk96azp0b3x7888hrpupt100xlhwmhbzd1jcm7x'}}
2022-11-11 07:53:56,139 INFO getting ('https://api.twitter.com/2/tweets/counts/all',) {'params': {'start_time': '2006-03-21T00:00:00+00:00', 'end_time': None, 'query': 'elonmusk OR Elon Musk', 'granularity': 'day', 'next_token': '1jzu9lk96azp0b3x7888hrpupt0zvgqb8ut8r9y52nwd'}}
2022-11-11 07:53:57,287 INFO getting ('https://api.twitter.com/2/tweets/counts/all',) {'params': {'start_time': '2006-03-21T00:00:00+00:00', 'end_time': None, 'query': 'elonmusk OR Elon Musk', 'granularity': 'day', 'next_token': '1jzu9lk96azp0b3x7888hrpupt0zpzv8h8j6k90vl6d9'}}
2022-11-11 07:53:58,439 INFO getting ('https://api.twitter.com/2/tweets/counts/all',) {'params': {'start_time': '2006-03-21T00:00:00+00:00', 'end_time': None, 'query': 'elonmusk OR Elon Musk', 'granularity': 'day', 'next_token': '1jzu9lk96azp0b3x7888hrpupt0zkizu1631a1l7qagt'}}
2022-11-11 07:53:59,574 INFO getting ('https://api.twitter.com/2/tweets/counts/all',) {'params': {'start_time': '2006-03-21T00:00:00+00:00', 'end_time': None, 'query': 'elonmusk OR Elon Musk', 'granularity': 'day', 'next_token': '1jzu9lk96azp0b3x7888hrpupt0zf24r9jsz30ny8sxp'}}
2022-11-11 07:54:00,705 INFO getting ('https://api.twitter.com/2/tweets/counts/all',) {'params': {'start_time': '2006-03-21T00:00:00+00:00', 'end_time': None, 'query': 'elonmusk OR Elon Musk', 'granularity': 'day', 'next_token': '1jzu9lk96azp0b3x7888hrpupldjhu9zt26hejse0znh'}}
2022-11-11 07:54:01,844 INFO getting ('https://api.twitter.com/2/tweets/counts/all',) {'params': {'start_time': '2006-03-21T00:00:00+00:00', 'end_time': None, 'query': 'elonmusk OR Elon Musk', 'granularity': 'day', 'next_token': '1jzu9lk96azp0b3x7888hrpupldjcdet5aie6gozr1bx'}}
2022-11-11 07:54:02,977 INFO getting ('https://api.twitter.com/2/tweets/counts/all',) {'params': {'start_time': '2006-03-21T00:00:00+00:00', 'end_time': None, 'query': 'elonmusk OR Elon Musk', 'granularity': 'day', 'next_token': '1jzu9lk96azp0b3x7888hrpupldj6wjqdo8bzfrq9jst'}}
2022-11-11 07:54:04,118 INFO getting ('https://api.twitter.com/2/tweets/counts/all',) {'params': {'start_time': '2006-03-21T00:00:00+00:00', 'end_time': None, 'query': 'elonmusk OR Elon Musk', 'granularity': 'day', 'next_token': '1jzu9lk96azp0b3x7888hrpuplcho7bmznt8r1dihsvx'}}
2022-11-11 07:54:05,256 INFO getting ('https://api.twitter.com/2/tweets/counts/all',) {'params': {'start_time': '2006-03-21T00:00:00+00:00', 'end_time': None, 'query': 'elonmusk OR Elon Musk', 'granularity': 'day', 'next_token': '1jzu9lk96azp0b3x7888hrpuplchiqgk81j6k0g90bct'}}
2022-11-11 07:54:06,390 INFO getting ('https://api.twitter.com/2/tweets/counts/all',) {'params': {'start_time': '2006-03-21T00:00:00+00:00', 'end_time': None, 'query': 'elonmusk OR Elon Musk', 'granularity': 'day', 'next_token': '1jzu9lk96azp0b3x7888hrpuplchd9lhgf94czizittp'}}
2022-11-11 07:54:07,522 INFO getting ('https://api.twitter.com/2/tweets/counts/all',) {'params': {'start_time': '2006-03-21T00:00:00+00:00', 'end_time': None, 'query': 'elonmusk OR Elon Musk', 'granularity': 'day', 'next_token': '1jzu9lk96azp0b3x7888hrpuplch7sqasnl14wfl8vi5'}}
2022-11-11 07:54:08,669 INFO getting ('https://api.twitter.com/2/tweets/counts/all',) {'params': {'start_time': '2006-03-21T00:00:00+00:00', 'end_time': None, 'query': 'elonmusk OR Elon Musk', 'granularity': 'day', 'next_token': '1jzu9lk96azp0b3x7888hrpuplch2bv811ayxvibrdz1'}}
2022-11-11 07:54:09,804 INFO getting ('https://api.twitter.com/2/tweets/counts/all',) {'params': {'start_time': '2006-03-21T00:00:00+00:00', 'end_time': None, 'query': 'elonmusk OR Elon Musk', 'granularity': 'day', 'next_token': '1jzu9lk96azp0b3x7888hrpuplcgwv01d9mvpsexhfnh'}}
2022-11-11 07:54:11,009 INFO getting ('https://api.twitter.com/2/tweets/counts/all',) {'params': {'start_time': '2006-03-21T00:00:00+00:00', 'end_time': None, 'query': 'elonmusk OR Elon Musk', 'granularity': 'day', 'next_token': '1jzu9lk96azp0b3x7888hrpuplcgre4ylnctirhnzy4d'}}
2022-11-11 07:54:12,156 INFO getting ('https://api.twitter.com/2/tweets/counts/all',) {'params': {'start_time': '2006-03-21T00:00:00+00:00', 'end_time': None, 'query': 'elonmusk OR Elon Musk', 'granularity': 'day', 'next_token': '1jzu9lk96azp0b3x7888hrpuplcglwiygr1mzq59mbul'}}
2022-11-11 07:54:13,494 INFO getting ('https://api.twitter.com/2/tweets/counts/all',) {'params': {'start_time': '2006-03-21T00:00:00+00:00', 'end_time': None, 'query': 'elonmusk OR Elon Musk', 'granularity': 'day', 'next_token': '1jzu9lk96azp0b3x7888hrpuplcggfnvp4rksp804ubh'}}
2022-11-11 07:54:14,877 INFO getting ('https://api.twitter.com/2/tweets/counts/all',) {'params': {'start_time': '2006-03-21T00:00:00+00:00', 'end_time': None, 'query': 'elonmusk OR Elon Musk', 'granularity': 'day', 'next_token': '1jzu9lk96azp0b3x7888hrpt8w3g2vfu7qp7o8fqhsvx'}}
2022-11-11 07:54:16,016 INFO getting ('https://api.twitter.com/2/tweets/counts/all',) {'params': {'start_time': '2006-03-21T00:00:00+00:00', 'end_time': None, 'query': 'elonmusk OR Elon Musk', 'granularity': 'day', 'next_token': '1jzu9lk96azp0b3x7888hrpt8w3fxeknjz14g5cc7ukd'}}
2022-11-11 07:54:17,153 INFO getting ('https://api.twitter.com/2/tweets/counts/all',) {'params': {'start_time': '2006-03-21T00:00:00+00:00', 'end_time': None, 'query': 'elonmusk OR Elon Musk', 'granularity': 'day', 'next_token': '1jzu9lk96azp0b3x7888hrpt8w3frxpkscr294f2qd19'}}
2022-11-11 07:54:18,290 INFO getting ('https://api.twitter.com/2/tweets/counts/all',) {'params': {'start_time': '2006-03-21T00:00:00+00:00', 'end_time': None, 'query': 'elonmusk OR Elon Musk', 'granularity': 'day', 'next_token': '1jzu9lk96azp0b3x7888hrpt8w2e98hhecbz0q0uym4d'}}
2022-11-11 07:54:19,440 INFO getting ('https://api.twitter.com/2/tweets/counts/all',) {'params': {'start_time': '2006-03-21T00:00:00+00:00', 'end_time': None, 'query': 'elonmusk OR Elon Musk', 'granularity': 'day', 'next_token': '1jzu9lk96azp0b3x7888hrpt8w2e3rmemq1wtp3lh4l9'}}
2022-11-11 07:54:20,581 INFO getting ('https://api.twitter.com/2/tweets/counts/all',) {'params': {'start_time': '2006-03-21T00:00:00+00:00', 'end_time': None, 'query': 'elonmusk OR Elon Musk', 'granularity': 'day', 'next_token': '1jzu9lk96azp0b3x7888hrpt8w2dyarbv3rumo6bzn25'}}
2022-11-11 07:54:21,718 INFO getting ('https://api.twitter.com/2/tweets/counts/all',) {'params': {'start_time': '2006-03-21T00:00:00+00:00', 'end_time': None, 'query': 'elonmusk OR Elon Musk', 'granularity': 'day', 'next_token': '1jzu9lk96azp0b3x7888hrpt8w2dstw57c3rel2xpoql'}}
2022-11-11 07:54:22,893 INFO getting ('https://api.twitter.com/2/tweets/counts/all',) {'params': {'start_time': '2006-03-21T00:00:00+00:00', 'end_time': None, 'query': 'elonmusk OR Elon Musk', 'granularity': 'day', 'next_token': '1jzu9lk96azp0b3x7888hrpt8w2dnd12fptp7k5o877h'}}
2022-11-11 07:54:24,036 INFO getting ('https://api.twitter.com/2/tweets/counts/all',) {'params': {'start_time': '2006-03-21T00:00:00+00:00', 'end_time': None, 'query': 'elonmusk OR Elon Musk', 'granularity': 'day', 'next_token': '1jzu9lk96azp0b3x7888hrpt8w2dhw5vry5lzh29y8vx'}}
2022-11-11 07:54:25,173 INFO getting ('https://api.twitter.com/2/tweets/counts/all',) {'params': {'start_time': '2006-03-21T00:00:00+00:00', 'end_time': None, 'query': 'elonmusk OR Elon Musk', 'granularity': 'day', 'next_token': '1jzu9lk96azp0b3x7888hrpt8w2dcfat0bvjsg50grct'}}
2022-11-11 07:54:26,315 INFO getting ('https://api.twitter.com/2/tweets/counts/all',) {'params': {'start_time': '2006-03-21T00:00:00+00:00', 'end_time': None, 'query': 'elonmusk OR Elon Musk', 'granularity': 'day', 'next_token': '1jzu9lk96azp0b3x7888hrpt8w2d6yfek9fei8pclvgd'}}
2022-11-11 07:54:27,457 INFO getting ('https://api.twitter.com/2/tweets/counts/all',) {'params': {'start_time': '2006-03-21T00:00:00+00:00', 'end_time': None, 'query': 'elonmusk OR Elon Musk', 'granularity': 'day', 'next_token': '1jzu9lk96azp0b3x7888hrpt8w2d1hkbsn5cb7s34dx9'}}
2022-11-11 07:54:28,594 INFO getting ('https://api.twitter.com/2/tweets/counts/all',) {'params': {'start_time': '2006-03-21T00:00:00+00:00', 'end_time': None, 'query': 'elonmusk OR Elon Musk', 'granularity': 'day', 'next_token': '1jzu9lk96azp0b3x7888hrpt8oex49pkc5iumqwiwkn1'}}
2022-11-11 07:54:29,733 INFO getting ('https://api.twitter.com/2/tweets/counts/all',) {'params': {'start_time': '2006-03-21T00:00:00+00:00', 'end_time': None, 'query': 'elonmusk OR Elon Musk', 'granularity': 'day', 'next_token': '1jzu9lk96azp0b3x7888hrpt8oewysudodurent4mmbh'}}
2022-11-11 07:54:30,877 INFO getting ('https://api.twitter.com/2/tweets/counts/all',) {'params': {'start_time': '2006-03-21T00:00:00+00:00', 'end_time': None, 'query': 'elonmusk OR Elon Musk', 'granularity': 'day', 'next_token': '1jzu9lk96azp0b3x7888hrpt8oewtbzawrkp7mvv54sd'}}
2022-11-11 07:54:32,022 INFO getting ('https://api.twitter.com/2/tweets/counts/all',) {'params': {'start_time': '2006-03-21T00:00:00+00:00', 'end_time': None, 'query': 'elonmusk OR Elon Musk', 'granularity': 'day', 'next_token': '1jzu9lk96azp0b3x7888hrpt8odvam0ltxakqekwuni5'}}
2022-11-11 07:54:33,156 INFO getting ('https://api.twitter.com/2/tweets/counts/all',) {'params': {'start_time': '2006-03-21T00:00:00+00:00', 'end_time': None, 'query': 'elonmusk OR Elon Musk', 'granularity': 'day', 'next_token': '1jzu9lk96azp0b3x7888hrpt8odv555j2b0ijdnnd5z1'}}
2022-11-11 07:54:34,292 INFO getting ('https://api.twitter.com/2/tweets/counts/all',) {'params': {'start_time': '2006-03-21T00:00:00+00:00', 'end_time': None, 'query': 'elonmusk OR Elon Musk', 'granularity': 'day', 'next_token': '1jzu9lk96azp0b3x7888hrpt8oduzoagaoqgccqdvofx'}}
2022-11-11 07:54:35,430 INFO getting ('https://api.twitter.com/2/tweets/counts/all',) {'params': {'start_time': '2006-03-21T00:00:00+00:00', 'end_time': None, 'query': 'elonmusk OR Elon Musk', 'granularity': 'day', 'next_token': '1jzu9lk96azp0b3x7888hrpt8oduu7f9mx2d49mzlq4d'}}
2022-11-11 07:54:36,570 INFO getting ('https://api.twitter.com/2/tweets/counts/all',) {'params': {'start_time': '2006-03-21T00:00:00+00:00', 'end_time': None, 'query': 'elonmusk OR Elon Musk', 'granularity': 'day', 'next_token': '1jzu9lk96azp0b3x7888hrpt8oduoqk6vasax8pq48l9'}}
2022-11-11 07:54:37,715 INFO getting ('https://api.twitter.com/2/tweets/counts/all',) {'params': {'start_time': '2006-03-21T00:00:00+00:00', 'end_time': None, 'query': 'elonmusk OR Elon Musk', 'granularity': 'day', 'next_token': '1jzu9lk96azp0b3x7888hrpt8oduj9p07j47p5mbua9p'}}
2022-11-11 07:54:38,856 INFO getting ('https://api.twitter.com/2/tweets/counts/all',) {'params': {'start_time': '2006-03-21T00:00:00+00:00', 'end_time': None, 'query': 'elonmusk OR Elon Musk', 'granularity': 'day', 'next_token': '1jzu9lk96azp0b3x7888hrpt8odudstxfwu5i4p2csql'}}
2022-11-11 07:54:39,992 INFO getting ('https://api.twitter.com/2/tweets/counts/all',) {'params': {'start_time': '2006-03-21T00:00:00+00:00', 'end_time': None, 'query': 'elonmusk OR Elon Musk', 'granularity': 'day', 'next_token': '1jzu9lk96azp0b3x7888hrpt8odu8bymvzs18zfjadml'}}
2022-11-11 07:54:41,148 INFO getting ('https://api.twitter.com/2/tweets/counts/all',) {'params': {'start_time': '2006-03-21T00:00:00+00:00', 'end_time': None, 'query': 'elonmusk OR Elon Musk', 'granularity': 'day', 'next_token': '1jzu9lk96azp0b3x7888hrpt8odu2v3k4dhz1yi9sw3h'}}
2022-11-11 07:54:42,296 INFO getting ('https://api.twitter.com/2/tweets/counts/all',) {'params': {'start_time': '2006-03-21T00:00:00+00:00', 'end_time': None, 'query': 'elonmusk OR Elon Musk', 'granularity': 'day', 'next_token': '1jzu9lk96azp0b3x7888hrpt8gqe5n8snvvhdhmpl2t9'}}
2022-11-11 07:54:43,436 INFO getting ('https://api.twitter.com/2/tweets/counts/all',) {'params': {'start_time': '2006-03-21T00:00:00+00:00', 'end_time': None, 'query': 'elonmusk OR Elon Musk', 'granularity': 'day', 'next_token': '1jzu9lk96azp0b3x7888hrpt8gqe06dm047e5ejbb4hp'}}
2022-11-11 07:54:44,571 INFO getting ('https://api.twitter.com/2/tweets/counts/all',) {'params': {'start_time': '2006-03-21T00:00:00+00:00', 'end_time': None, 'query': 'elonmusk OR Elon Musk', 'granularity': 'day', 'next_token': '1jzu9lk96azp0b3x7888hrpt8gqdupij8hxbydm1tmyl'}}
2022-11-11 07:54:45,720 INFO getting ('https://api.twitter.com/2/tweets/counts/all',) {'params': {'start_time': '2006-03-21T00:00:00+00:00', 'end_time': None, 'query': 'elonmusk OR Elon Musk', 'granularity': 'day', 'next_token': '1jzu9lk96azp0b3x7888hrpt8gpcc0afuhi8pz7u1w1p'}}
2022-11-11 07:54:46,860 INFO getting ('https://api.twitter.com/2/tweets/counts/all',) {'params': {'start_time': '2006-03-21T00:00:00+00:00', 'end_time': None, 'query': 'elonmusk OR Elon Musk', 'granularity': 'day', 'next_token': '1jzu9lk96azp0b3x7888hrpt8gpc6jfd2v86iyakkeil'}}
2022-11-11 07:54:47,997 INFO getting ('https://api.twitter.com/2/tweets/counts/all',) {'params': {'start_time': '2006-03-21T00:00:00+00:00', 'end_time': None, 'query': 'elonmusk OR Elon Musk', 'granularity': 'day', 'next_token': '1jzu9lk96azp0b3x7888hrpt8gpc12kab8y4bxdb2wzh'}}
2022-11-11 07:54:49,138 INFO getting ('https://api.twitter.com/2/tweets/counts/all',) {'params': {'start_time': '2006-03-21T00:00:00+00:00', 'end_time': None, 'query': 'elonmusk OR Elon Musk', 'granularity': 'day', 'next_token': '1jzu9lk96azp0b3x7888hrpt8gpbvlp3nha13u9wsynx'}}
2022-11-11 07:54:50,279 INFO getting ('https://api.twitter.com/2/tweets/counts/all',) {'params': {'start_time': '2006-03-21T00:00:00+00:00', 'end_time': None, 'query': 'elonmusk OR Elon Musk', 'granularity': 'day', 'next_token': '1jzu9lk96azp0b3x7888hrpt8gpbq4u0vuzywtcnbh4t'}}
2022-11-11 07:54:51,416 INFO getting ('https://api.twitter.com/2/tweets/counts/all',) {'params': {'start_time': '2006-03-21T00:00:00+00:00', 'end_time': None, 'query': 'elonmusk OR Elon Musk', 'granularity': 'day', 'next_token': '1jzu9lk96azp0b3x7888hrpt8gpbknyu83bvoq991it9'}}
2022-11-11 07:54:52,555 INFO getting ('https://api.twitter.com/2/tweets/counts/all',) {'params': {'start_time': '2006-03-21T00:00:00+00:00', 'end_time': None, 'query': 'elonmusk OR Elon Musk', 'granularity': 'day', 'next_token': '1jzu9lk96azp0b3x7888hrpt8gpbf73rgh1thpbzk1a5'}}
2022-11-11 07:54:53,693 INFO getting ('https://api.twitter.com/2/tweets/counts/all',) {'params': {'start_time': '2006-03-21T00:00:00+00:00', 'end_time': None, 'query': 'elonmusk OR Elon Musk', 'granularity': 'day', 'next_token': '1jzu9lk96azp0b3x7888hrpt8gpb4axub34kf02nrl31'}}
2022-11-11 07:54:54,830 INFO getting ('https://api.twitter.com/2/tweets/counts/all',) {'params': {'start_time': '2006-03-21T00:00:00+00:00', 'end_time': None, 'query': 'elonmusk OR Elon Musk', 'granularity': 'day', 'next_token': '1jzu9lk96azp0b3x7888hrpt891v7332uli2qj73jrst'}}
2022-11-11 07:54:55,970 INFO getting ('https://api.twitter.com/2/tweets/counts/all',) {'params': {'start_time': '2006-03-21T00:00:00+00:00', 'end_time': None, 'query': 'elonmusk OR Elon Musk', 'granularity': 'day', 'next_token': '1jzu9lk96azp0b3x7888hrpt891v1m7w6ttzig3p9th9'}}
2022-11-11 07:54:57,111 INFO getting ('https://api.twitter.com/2/tweets/counts/all',) {'params': {'start_time': '2006-03-21T00:00:00+00:00', 'end_time': None, 'query': 'elonmusk OR Elon Musk', 'granularity': 'day', 'next_token': '1jzu9lk96azp0b3x7888hrpt891uw5ctf7jxbf6fsby5'}}
2022-11-11 07:54:58,241 INFO getting ('https://api.twitter.com/2/tweets/counts/all',) {'params': {'start_time': '2006-03-21T00:00:00+00:00', 'end_time': None, 'query': 'elonmusk OR Elon Musk', 'granularity': 'day', 'next_token': '1jzu9lk96azp0b3x7888hrpt890tdg4q174u30s80l19'}}
2022-11-11 07:54:59,382 INFO getting ('https://api.twitter.com/2/tweets/counts/all',) {'params': {'start_time': '2006-03-21T00:00:00+00:00', 'end_time': None, 'query': 'elonmusk OR Elon Musk', 'granularity': 'day', 'next_token': '1jzu9lk96azp0b3x7888hrpt890t7z9n9kurvzuyj3i5'}}
2022-11-11 07:55:00,520 INFO getting ('https://api.twitter.com/2/tweets/counts/all',) {'params': {'start_time': '2006-03-21T00:00:00+00:00', 'end_time': None, 'query': 'elonmusk OR Elon Musk', 'granularity': 'day', 'next_token': '1jzu9lk96azp0b3x7888hrpt890t2iekhykpoyxp1lz1'}}
2022-11-11 07:55:01,656 INFO getting ('https://api.twitter.com/2/tweets/counts/all',) {'params': {'start_time': '2006-03-21T00:00:00+00:00', 'end_time': None, 'query': 'elonmusk OR Elon Musk', 'granularity': 'day', 'next_token': '1jzu9lk96azp0b3x7888hrpt890sx1jdu6wmgvuarnnh'}}
2022-11-11 07:55:02,798 INFO getting ('https://api.twitter.com/2/tweets/counts/all',) {'params': {'start_time': '2006-03-21T00:00:00+00:00', 'end_time': None, 'query': 'elonmusk OR Elon Musk', 'granularity': 'day', 'next_token': '1jzu9lk96azp0b3x7888hrpt890srkob2kmk9ux1a64d'}}
2022-11-11 07:55:03,932 INFO getting ('https://api.twitter.com/2/tweets/counts/all',) {'params': {'start_time': '2006-03-21T00:00:00+00:00', 'end_time': None, 'query': 'elonmusk OR Elon Musk', 'granularity': 'day', 'next_token': '1jzu9lk96azp0b3x7888hrpt890sm3t4esyh1rtn07st'}}
2022-11-11 07:55:05,075 INFO getting ('https://api.twitter.com/2/tweets/counts/all',) {'params': {'start_time': '2006-03-21T00:00:00+00:00', 'end_time': None, 'query': 'elonmusk OR Elon Musk', 'granularity': 'day', 'next_token': '1jzu9lk96azp0b3x7888hrpt890sgmy1n6oeuqwdiq9p'}}
2022-11-11 07:55:06,202 INFO No more results for search elonmusk OR Elon Musk.
